hb1500
*   601cebf 9th commit (4th on master).
|\
| *   1c5c117 7th commit (3rd on branch1).
| |\
| | * 64499b8 3rd commit (1st on branch2).
* | |   7224335 8th commit (4th on master).
|\ \ \
| |/ /
| * |   a5c3b60 6th commit (2ed on branch2).
| |\ \
| | |/
| |/|
| * | 1c4f767 2nd commit (1st on branch1).
* | | f306d24 5th commit (3rd on master).
| |/  
|/|
* | beb511b 4th commit (2nd on master).
|/
* 35ef120 1st commit (1st on master).

ys3225
*   54478d4 3rd merge of branch2 and branch3
|\  
| *   59ded4b 3rd merge of branch2 and master
| |\  
| * | dceffb7 3th commit(1st on branch2)
* | |   bbdc6a0 2nd merge of branch1 and branch3
|\ \ \  
| | |/  
| |/|   
| * |   5c19f18 1st merge of branch1 and master
| |\ \  
| | |/  
| |/|   
| * | b96753b 2nd commit(2nd on master)
* | | 23e7024 5th commit(1st on branch3)
| |/  
|/|   
* | 24fb9ca 3rd commit(1st on branch1)
|/  
* 1f38671 1st commit(1st on master)
