jw4937
*   e4636ae 9nd commit (2nd on master).
|\  
| *   c62a68c 8nd commit (2nd on master).
| |\  
| * | 6525de2 5nd commit (2nd on master).
* | |   4c033cf 7nd commit (2nd on master).
|\ \ \  
| | |/  
| |/|   
| * |   cc57d07 6nd commit (2nd on master).
| |\ \  
| | |/  
| | * 209ca67 2nd commit (2nd on master).
* | | 3a00f70 4nd commit (2nd on master).
|/ /  
* | 73e1a8c 3nd commit (2nd on master).
|/  
* 76614d8 1nd commit (2nd on master).

ypl238
*   cf23f01 done
|\  
| *   959a6c7 b1 to b3
| |\  
| * | f35cb53 b3
* | |   b19905d (b1 to m2) to m3
|\ \ \  
| | |/  
| |/|   
| * |   1b94c14 b1 to m2
| |\ \  
| | |/  
| |/|   
| * | f507bc7 b1
* | | c7bcc50 m3
| |/  
|/|   
* | 57e2eb3 m2
|/  
* 0b649e2 m1

ys3225
*   54478d4 3rd merge of branch2 and branch3
|\  
| *   59ded4b 3rd merge of branch2 and master
| |\  
| * | dceffb7 3th commit(1st on branch2)
* | |   bbdc6a0 2nd merge of branch1 and branch3
|\ \ \  
| | |/  
| |/|   
| * |   5c19f18 1st merge of branch1 and master
| |\ \  
| | |/  
| |/|   
| * | b96753b 2nd commit(2nd on master)
* | | 23e7024 5th commit(1st on branch3)
| |/  
|/|   
* | 24fb9ca 3rd commit(1st on branch1)
|/  
* 1f38671 1st commit(1st on master)
